<?xml version="1.0" encoding="UTF-8"?>
<testsuite xmlns:xsi="http://www.w3.org/2001/XMLSchema-instance" xsi:noNamespaceSchemaLocation="https://maven.apache.org/surefire/maven-surefire-plugin/xsd/surefire-test-report.xsd" name="com.yandex.practicum.devops.SausageApplicationIntegrationTest" time="15.338" tests="4" errors="0" skipped="0" failures="0">
  <properties>
[...]
</properties>
  <testcase name="givenGetProductsApiCall_whenProductListRetrieved_thenSizeMatchAndListContainsProductNames" classname="com.yandex.practicum.devops.SausageApplicationIntegrationTest" time="0.691"/>
  <testcase name="givenGetOrdersApiCall_whenProductListRetrieved_thenSizeMatchAndListContainsProductNames" classname="com.yandex.practicum.devops.SausageApplicationIntegrationTest" time="0.042"/>
  <testcase name="givenPostOrder_whenBodyRequestMatcherJson_thenResponseContainsEqualObjectProperties" classname="com.yandex.practicum.devops.SausageApplicationIntegrationTest" time="0.189"/>
  <testcase name="contextLoads" classname="com.yandex.practicum.devops.SausageApplicationIntegrationTest" time="0.003"/>
</testsuite>